<?xml version="1.0" encoding="UTF-8"?>
<!-- Generated by org.testng.reporters.JUnitReportReporter -->
<testsuite hostname="josh-Latitude-3410" failures="0" tests="3" name="selenium4.features.NewTabWindows" time="11.308" errors="0" timestamp="2023-03-22T16:39:46 IST" skipped="0">
  <testcase classname="selenium4.features.NewTabWindows" name="launchWebsite" time="2.504"/>
  <system-out/>
  <testcase classname="selenium4.features.NewTabWindows" name="newTab" time="1.972"/>
  <system-out/>
  <testcase classname="selenium4.features.NewTabWindows" name="newWindow" time="6.832"/>
  <system-out/>
</testsuite> <!-- selenium4.features.NewTabWindows -->
