<?xml version="1.0" encoding="UTF-8"?>
<!-- Generated by org.testng.reporters.JUnitReportReporter -->
<testsuite hostname="josh-Latitude-3410" failures="0" tests="1" name="selenium4.features.DevToolsNetworkLog" time="1.690" errors="0" timestamp="2023-03-24T11:57:22 IST" skipped="0">
  <testcase classname="selenium4.features.DevToolsNetworkLog" name="networkLogs" time="1.690"/>
  <system-out/>
</testsuite> <!-- selenium4.features.DevToolsNetworkLog -->
