<?xml version="1.0" encoding="UTF-8"?>
<!-- Generated by org.testng.reporters.JUnitReportReporter -->
<testsuite hostname="josh-Latitude-3410" failures="0" tests="2" name="selenium4.features.Screenshot" time="3.243" errors="0" timestamp="2023-03-22T16:33:02 IST" skipped="0">
  <testcase classname="selenium4.features.Screenshot" name="launchWebsite" time="2.577"/>
  <system-out/>
  <testcase classname="selenium4.features.Screenshot" name="takeScreenshot" time="0.666"/>
  <system-out/>
</testsuite> <!-- selenium4.features.Screenshot -->
