<?xml version="1.0" encoding="UTF-8"?>
<!-- Generated by org.testng.reporters.JUnitReportReporter -->
<testsuite hostname="josh-Latitude-3410" failures="0" tests="1" name="selenium4.features.DevToolsNetwrokMocking" time="0.449" errors="0" timestamp="2023-03-24T12:39:43 IST" skipped="0">
  <testcase classname="selenium4.features.DevToolsNetwrokMocking" name="networkLogs" time="0.449"/>
  <system-out/>
</testsuite> <!-- selenium4.features.DevToolsNetwrokMocking -->
