<?xml version="1.0" encoding="UTF-8"?>
<!-- Generated by org.testng.reporters.JUnitReportReporter -->
<testsuite hostname="josh-Latitude-3410" failures="0" tests="1" name="selenium4.features.DevToolsLocation" time="8.028" errors="0" timestamp="2023-03-23T14:49:03 IST" skipped="0">
  <testcase classname="selenium4.features.DevToolsLocation" name="changeLocation" time="8.028"/>
  <system-out/>
</testsuite> <!-- selenium4.features.DevToolsLocation -->
