<?xml version="1.0" encoding="UTF-8"?>
<!-- Generated by org.testng.reporters.JUnitReportReporter -->
<testsuite hostname="josh-Latitude-3410" failures="0" tests="1" name="selenium4.features.DevToolsDeviceDemension" time="9.240" errors="0" timestamp="2023-03-23T12:16:14 IST" skipped="0">
  <testcase classname="selenium4.features.DevToolsDeviceDemension" name="amazon" time="9.240"/>
  <system-out/>
</testsuite> <!-- selenium4.features.DevToolsDeviceDemension -->
