<?xml version="1.0" encoding="UTF-8"?>
<!-- Generated by org.testng.reporters.JUnitReportReporter -->
<testsuite hostname="josh-Latitude-3410" failures="0" tests="1" name="selenium4.features.DevToolsDemo" time="4.118" errors="0" timestamp="2023-03-23T12:06:36 IST" skipped="0">
  <testcase classname="selenium4.features.DevToolsDemo" name="changeDeviceDemensions" time="4.118"/>
  <system-out/>
</testsuite> <!-- selenium4.features.DevToolsDemo -->
